Using pre-set license
Built from '2020.3/staging' branch; Version is '2020.3.26f1 (7298b473bc1a) revision 7510196'; Using compiler version '192528614'; Build Type 'Release'
OS: 'Windows 10  (10.0.19044) 64bit Professional' Language: 'en' Physical Memory: 7055 MB
BatchMode: 1, IsHumanControllingUs: 0, StartBugReporterOnCrash: 0, Is64bit: 1, IsPro: 0

COMMAND LINE ARGUMENTS:
C:\Program Files\Unity\Hub\Editor\2020.3.26f1\Editor\Unity.exe
-adb2
-batchMode
-noUpm
-name
AssetImportWorker0
-projectPath
D:/Documents/Unity/Unity Project/Solo Tank/Solo Tank
-logFile
Logs/AssetImportWorker0.log
-srvPort
64113
Successfully changed project path to: D:/Documents/Unity/Unity Project/Solo Tank/Solo Tank
D:/Documents/Unity/Unity Project/Solo Tank/Solo Tank
Using Asset Import Pipeline V2.
Refreshing native plugins compatible for Editor in 122.26 ms, found 3 plugins.
Preloading 0 native plugins for Editor in 0.00 ms.
Initialize engine version: 2020.3.26f1 (7298b473bc1a)
[Subsystems] Discovering subsystems at path C:/Program Files/Unity/Hub/Editor/2020.3.26f1/Editor/Data/Resources/UnitySubsystems
[Subsystems] Discovering subsystems at path D:/Documents/Unity/Unity Project/Solo Tank/Solo Tank/Assets
GfxDevice: creating device client; threaded=0
Direct3D:
    Version:  Direct3D 11.0 [level 11.1]
    Renderer: AMD Radeon(TM) R5 Graphics (ID=0x98e4)
    Vendor:   
    VRAM:     3527 MB
    Driver:   26.20.11026.12001
Initialize mono
Mono path[0] = 'C:/Program Files/Unity/Hub/Editor/2020.3.26f1/Editor/Data/Managed'
Mono path[1] = 'C:/Program Files/Unity/Hub/Editor/2020.3.26f1/Editor/Data/MonoBleedingEdge/lib/mono/unityjit'
Mono config path = 'C:/Program Files/Unity/Hub/Editor/2020.3.26f1/Editor/Data/MonoBleedingEdge/etc'
Using monoOptions --debugger-agent=transport=dt_socket,embedding=1,server=y,suspend=n,address=127.0.0.1:56236
Begin MonoManager ReloadAssembly
Registering precompiled unity dll's ...
Register platform support module: C:/Program Files/Unity/Hub/Editor/2020.3.26f1/Editor/Data/PlaybackEngines/WebGLSupport/UnityEditor.WebGL.Extensions.dll
Register platform support module: C:/Program Files/Unity/Hub/Editor/2020.3.26f1/Editor/Data/PlaybackEngines/WindowsStandaloneSupport/UnityEditor.WindowsStandalone.Extensions.dll
Registered in 0.008371 seconds.
Native extension for WindowsStandalone target not found
Native extension for WebGL target not found
Refreshing native plugins compatible for Editor in 101.99 ms, found 3 plugins.
Preloading 0 native plugins for Editor in 0.00 ms.
Mono: successfully reloaded assembly
- Completed reload, in  1.686 seconds
Domain Reload Profiling:
	ReloadAssembly (1687ms)
		BeginReloadAssembly (192ms)
			ExecutionOrderSort (0ms)
			DisableScriptedObjects (0ms)
			BackupInstance (0ms)
			ReleaseScriptingObjects (0ms)
			CreateAndSetChildDomain (2ms)
		EndReloadAssembly (1254ms)
			LoadAssemblies (186ms)
			RebuildTransferFunctionScriptingTraits (0ms)
			SetupTypeCache (396ms)
			ReleaseScriptCaches (0ms)
			RebuildScriptCaches (73ms)
			SetupLoadedEditorAssemblies (516ms)
				LogAssemblyErrors (0ms)
				InitializePlatformSupportModulesInManaged (12ms)
				SetLoadedEditorAssemblies (0ms)
				RefreshPlugins (102ms)
				BeforeProcessingInitializeOnLoad (22ms)
				ProcessInitializeOnLoadAttributes (262ms)
				ProcessInitializeOnLoadMethodAttributes (116ms)
				AfterProcessingInitializeOnLoad (0ms)
				EditorAssembliesLoaded (1ms)
			ExecutionOrderSort2 (0ms)
			AwakeInstancesAfterBackupRestoration (0ms)
Platform modules already initialized, skipping
Registering precompiled user dll's ...
Registered in 0.012010 seconds.
Begin MonoManager ReloadAssembly
Native extension for WindowsStandalone target not found
Native extension for WebGL target not found
Refreshing native plugins compatible for Editor in 115.43 ms, found 3 plugins.
Preloading 0 native plugins for Editor in 0.00 ms.
Mono: successfully reloaded assembly
- Completed reload, in  3.443 seconds
Domain Reload Profiling:
	ReloadAssembly (3445ms)
		BeginReloadAssembly (325ms)
			ExecutionOrderSort (0ms)
			DisableScriptedObjects (11ms)
			BackupInstance (0ms)
			ReleaseScriptingObjects (0ms)
			CreateAndSetChildDomain (40ms)
		EndReloadAssembly (2899ms)
			LoadAssemblies (352ms)
			RebuildTransferFunctionScriptingTraits (0ms)
			SetupTypeCache (974ms)
			ReleaseScriptCaches (1ms)
			RebuildScriptCaches (122ms)
			SetupLoadedEditorAssemblies (1069ms)
				LogAssemblyErrors (0ms)
				InitializePlatformSupportModulesInManaged (13ms)
				SetLoadedEditorAssemblies (0ms)
				RefreshPlugins (116ms)
				BeforeProcessingInitializeOnLoad (209ms)
				ProcessInitializeOnLoadAttributes (656ms)
				ProcessInitializeOnLoadMethodAttributes (54ms)
				AfterProcessingInitializeOnLoad (21ms)
				EditorAssembliesLoaded (1ms)
			ExecutionOrderSort2 (0ms)
			AwakeInstancesAfterBackupRestoration (22ms)
Platform modules already initialized, skipping
========================================================================
Worker process is ready to serve import requests
Launched and connected shader compiler UnityShaderCompiler.exe after 0.20 seconds
Refreshing native plugins compatible for Editor in 1.53 ms, found 3 plugins.
Preloading 0 native plugins for Editor in 0.00 ms.
Unloading 2198 Unused Serialized files (Serialized files now loaded: 0)
System memory in use before: 96.0 MB.
System memory in use after: 96.1 MB.

Unloading 28 unused Assets to reduce memory usage. Loaded Objects now: 2631.
Total: 7.263400 ms (FindLiveObjects: 0.422000 ms CreateObjectMapping: 0.219300 ms MarkObjects: 6.476200 ms  DeleteObjects: 0.142500 ms)

AssetImportParameters requested are different than current active one (requested -> active):
  custom:framework-win-MediaFoundation: 216162199b28c13a410421893ffa2e32 -> 
  custom:video-decoder-ogg-theora: a1e56fd34408186e4bbccfd4996cb3dc -> 
  custom:container-muxer-webm: aa71ff27fc2769a1b78a27578f13a17b -> 
  custom:container-demuxer-webm: 4f35f7cbe854078d1ac9338744f61a02 -> 
  custom:container-demuxer-ogg: 62fdf1f143b41e24485cea50d1cbac27 -> 
  custom:video-encoder-webm-vp8: eb34c28f22e8b96e1ab97ce403110664 -> 
  custom:video-decoder-webm-vp8: 9c59270c3fd7afecdb556c50c9e8de78 -> 
  custom:audio-decoder-ogg-vorbis: bf7c407c2cedff20999df2af8eb42d56 -> 
  custom:audio-encoder-webm-vorbis: bf7c407c2cedff20999df2af8eb42d56 -> 
========================================================================
Received Import Request.
  path: Assets/Scenes/Tank 2/PNG/Weapon_Color_B_256X256/Gun_05_A.png
  artifactKey: Guid(82dcfc5eabc576448b14915eec28e1d5) Importer(815301076,1909f56bfc062723c751e8b465ee728b)
Start importing Assets/Scenes/Tank 2/PNG/Weapon_Color_B_256X256/Gun_05_A.png using Guid(82dcfc5eabc576448b14915eec28e1d5) Importer(815301076,1909f56bfc062723c751e8b465ee728b)  -> (artifact id: '52f8a8fff370c8dbc559b51ba963a255') in 0.300732 seconds 
  Import took 0.310041 seconds .

========================================================================
Received Import Request.
  Time since last request: 0.000618 seconds.
  path: Assets/Scenes/Tank 2/PNG/Weapon_Color_B_256X256/Gun_04_A.png
  artifactKey: Guid(70aeb243abd319c4ba17edbbccd60cc7) Importer(815301076,1909f56bfc062723c751e8b465ee728b)
Start importing Assets/Scenes/Tank 2/PNG/Weapon_Color_B_256X256/Gun_04_A.png using Guid(70aeb243abd319c4ba17edbbccd60cc7) Importer(815301076,1909f56bfc062723c751e8b465ee728b)  -> (artifact id: '41f4e931bf22c745c22b38078415342d') in 0.105248 seconds 
  Import took 0.134288 seconds .

========================================================================
Received Import Request.
  Time since last request: 0.000414 seconds.
  path: Assets/Scenes/Tank 2/PNG/Weapon_Color_B_256X256/Gun_08_B.png
  artifactKey: Guid(ed5ca18cfe0079542b477a053b5736bb) Importer(815301076,1909f56bfc062723c751e8b465ee728b)
Start importing Assets/Scenes/Tank 2/PNG/Weapon_Color_B_256X256/Gun_08_B.png using Guid(ed5ca18cfe0079542b477a053b5736bb) Importer(815301076,1909f56bfc062723c751e8b465ee728b)  -> (artifact id: '650677e03ab4c8213a1429df762e2dd2') in 0.104894 seconds 
  Import took 0.134792 seconds .

========================================================================
Received Import Request.
  Time since last request: 0.000363 seconds.
  path: Assets/Scenes/Tank 2/PNG/Weapon_Color_B_256X256/Gun_08.png
  artifactKey: Guid(0653bd53507d9b4478e3c1ddc25d0146) Importer(815301076,1909f56bfc062723c751e8b465ee728b)
Start importing Assets/Scenes/Tank 2/PNG/Weapon_Color_B_256X256/Gun_08.png using Guid(0653bd53507d9b4478e3c1ddc25d0146) Importer(815301076,1909f56bfc062723c751e8b465ee728b)  -> (artifact id: '95584e9b2545c7ab1ce463c35727a92a') in 0.119911 seconds 
  Import took 0.157736 seconds .

========================================================================
Received Import Request.
  Time since last request: 0.000488 seconds.
  path: Assets/Scenes/Tank 2/PNG/Weapon_Color_B_256X256
  artifactKey: Guid(cceb80d6f0cfa4c4db06dfdec48ac1f2) Importer(815301076,1909f56bfc062723c751e8b465ee728b)
Start importing Assets/Scenes/Tank 2/PNG/Weapon_Color_B_256X256 using Guid(cceb80d6f0cfa4c4db06dfdec48ac1f2) Importer(815301076,1909f56bfc062723c751e8b465ee728b)  -> (artifact id: 'caba06feb759224748e806c92eccab4a') in 0.071448 seconds 
  Import took 0.100728 seconds .

========================================================================
Received Import Request.
  Time since last request: 0.000764 seconds.
  path: Assets/Scenes/Tank 2/PNG/Weapon_Color_B_256X256/Gun_02_A.png
  artifactKey: Guid(a0fe29d20fcd4de408ac592518db2607) Importer(815301076,1909f56bfc062723c751e8b465ee728b)
Start importing Assets/Scenes/Tank 2/PNG/Weapon_Color_B_256X256/Gun_02_A.png using Guid(a0fe29d20fcd4de408ac592518db2607) Importer(815301076,1909f56bfc062723c751e8b465ee728b)  -> (artifact id: '47077542c3b195d38222baf5c6bed405') in 0.073769 seconds 
  Import took 0.119413 seconds .

========================================================================
Received Import Request.
  Time since last request: 0.000348 seconds.
  path: Assets/Scenes/Tank 2/PNG/Weapon_Color_B_256X256/Gun_06_A.png
  artifactKey: Guid(ad8ba2aaa5d9ea84787cdfc69a163c9c) Importer(815301076,1909f56bfc062723c751e8b465ee728b)
Start importing Assets/Scenes/Tank 2/PNG/Weapon_Color_B_256X256/Gun_06_A.png using Guid(ad8ba2aaa5d9ea84787cdfc69a163c9c) Importer(815301076,1909f56bfc062723c751e8b465ee728b)  -> (artifact id: '3cddfa48a7583f7e2b2e8b5366231278') in 0.058423 seconds 
  Import took 0.099364 seconds .

========================================================================
Received Import Request.
  Time since last request: 0.000379 seconds.
  path: Assets/Scenes/Tank 2/PNG/Weapon_Color_B_256X256/Gun_05.png
  artifactKey: Guid(8d98ff3f9dc85d443bcb44da448254c9) Importer(815301076,1909f56bfc062723c751e8b465ee728b)
Start importing Assets/Scenes/Tank 2/PNG/Weapon_Color_B_256X256/Gun_05.png using Guid(8d98ff3f9dc85d443bcb44da448254c9) Importer(815301076,1909f56bfc062723c751e8b465ee728b)  -> (artifact id: '45af93f5ce0dfe8015a24561372a4e47') in 0.105912 seconds 
  Import took 0.144825 seconds .

========================================================================
Received Import Request.
  Time since last request: 0.000384 seconds.
  path: Assets/Scenes/Tank 2/PNG/Weapon_Color_B_256X256/Gun_05_B.png
  artifactKey: Guid(f88cca809cd9cd04196b53effb964b0d) Importer(815301076,1909f56bfc062723c751e8b465ee728b)
Start importing Assets/Scenes/Tank 2/PNG/Weapon_Color_B_256X256/Gun_05_B.png using Guid(f88cca809cd9cd04196b53effb964b0d) Importer(815301076,1909f56bfc062723c751e8b465ee728b)  -> (artifact id: 'cf39881c49ec8f60185b776a640f1980') in 0.104828 seconds 
  Import took 0.126446 seconds .

========================================================================
Received Import Request.
  Time since last request: 0.000351 seconds.
  path: Assets/Scenes/Tank 2/PNG/Weapon_Color_B_256X256/Gun_01_B.png
  artifactKey: Guid(c22f0b28eab0264448a2ecd6d2135c84) Importer(815301076,1909f56bfc062723c751e8b465ee728b)
Start importing Assets/Scenes/Tank 2/PNG/Weapon_Color_B_256X256/Gun_01_B.png using Guid(c22f0b28eab0264448a2ecd6d2135c84) Importer(815301076,1909f56bfc062723c751e8b465ee728b)  -> (artifact id: 'fda159070320a1ffe5a2e5d8a5faf58c') in 0.071122 seconds 
  Import took 0.098583 seconds .

========================================================================
Received Import Request.
  Time since last request: 0.000414 seconds.
  path: Assets/Scenes/Tank 2/PNG/Weapon_Color_B_256X256/Gun_02_B.png
  artifactKey: Guid(ad72110c91585c347be320efa3f4c7ea) Importer(815301076,1909f56bfc062723c751e8b465ee728b)
Start importing Assets/Scenes/Tank 2/PNG/Weapon_Color_B_256X256/Gun_02_B.png using Guid(ad72110c91585c347be320efa3f4c7ea) Importer(815301076,1909f56bfc062723c751e8b465ee728b)  -> (artifact id: 'bc1d397f3c3866ffd88f558517d49e5c') in 0.070250 seconds 
  Import took 0.101702 seconds .

========================================================================
Received Import Request.
  Time since last request: 0.000819 seconds.
  path: Assets/Scenes/Tank 2/PNG/Weapon_Color_B_256X256/Gun_07.png
  artifactKey: Guid(80cc51c9ba6708348836b0458ba1bc27) Importer(815301076,1909f56bfc062723c751e8b465ee728b)
Start importing Assets/Scenes/Tank 2/PNG/Weapon_Color_B_256X256/Gun_07.png using Guid(80cc51c9ba6708348836b0458ba1bc27) Importer(815301076,1909f56bfc062723c751e8b465ee728b)  -> (artifact id: '833edf2d2ba840b0e39171152ef4a014') in 0.057446 seconds 
  Import took 0.090114 seconds .

========================================================================
Received Import Request.
  Time since last request: 0.000344 seconds.
  path: Assets/Scenes/Tank 2/PNG/Weapon_Color_B_256X256/Gun_04_B.png
  artifactKey: Guid(1d8ce1d9db6a9254ab96468de5499740) Importer(815301076,1909f56bfc062723c751e8b465ee728b)
Start importing Assets/Scenes/Tank 2/PNG/Weapon_Color_B_256X256/Gun_04_B.png using Guid(1d8ce1d9db6a9254ab96468de5499740) Importer(815301076,1909f56bfc062723c751e8b465ee728b)  -> (artifact id: '14a389e37c4c57e223b03f671667851d') in 0.063638 seconds 
  Import took 0.133973 seconds .

========================================================================
Received Import Request.
  Time since last request: 0.000544 seconds.
  path: Assets/Scenes/Tank 2/PNG/Weapon_Color_B_256X256/Gun_01_A.png
  artifactKey: Guid(cd2a3eeccb846064098c5c0384a56f8a) Importer(815301076,1909f56bfc062723c751e8b465ee728b)
Start importing Assets/Scenes/Tank 2/PNG/Weapon_Color_B_256X256/Gun_01_A.png using Guid(cd2a3eeccb846064098c5c0384a56f8a) Importer(815301076,1909f56bfc062723c751e8b465ee728b)  -> (artifact id: '561cd398b60154ff9f06b3761a20f70b') in 0.084742 seconds 
  Import took 0.104875 seconds .

========================================================================
Received Import Request.
  Time since last request: 0.000340 seconds.
  path: Assets/Scenes/Tank 2/PNG/Weapon_Color_B_256X256/Gun_01.png
  artifactKey: Guid(02ef8179e3bbe3148922915024a00b16) Importer(815301076,1909f56bfc062723c751e8b465ee728b)
Start importing Assets/Scenes/Tank 2/PNG/Weapon_Color_B_256X256/Gun_01.png using Guid(02ef8179e3bbe3148922915024a00b16) Importer(815301076,1909f56bfc062723c751e8b465ee728b)  -> (artifact id: '402e7f1444099c8244f0cb10dddb5cde') in 0.104789 seconds 
  Import took 0.116170 seconds .

========================================================================
Received Import Request.
  Time since last request: 0.000360 seconds.
  path: Assets/Scenes/Tank 2/PNG/Weapon_Color_B_256X256/Gun_08_A.png
  artifactKey: Guid(d3b35ab56032c2048a536ec0bee9d410) Importer(815301076,1909f56bfc062723c751e8b465ee728b)
Start importing Assets/Scenes/Tank 2/PNG/Weapon_Color_B_256X256/Gun_08_A.png using Guid(d3b35ab56032c2048a536ec0bee9d410) Importer(815301076,1909f56bfc062723c751e8b465ee728b)  -> (artifact id: '6812f5b37908678c3cd5e7adba71fffe') in 0.072261 seconds 
  Import took 0.115555 seconds .

========================================================================
Received Import Request.
  Time since last request: 0.000348 seconds.
  path: Assets/Scenes/Tank 2/PNG/Weapon_Color_B_256X256/Gun_02.png
  artifactKey: Guid(6cef940ff1f09e145be8f03663a4a660) Importer(815301076,1909f56bfc062723c751e8b465ee728b)
Start importing Assets/Scenes/Tank 2/PNG/Weapon_Color_B_256X256/Gun_02.png using Guid(6cef940ff1f09e145be8f03663a4a660) Importer(815301076,1909f56bfc062723c751e8b465ee728b)  -> (artifact id: '54a5f879ff05d3bf4fdb4ee9fb80d48a') in 0.108062 seconds 
  Import took 0.152497 seconds .

========================================================================
Received Import Request.
  Time since last request: 0.000354 seconds.
  path: Assets/Scenes/Tank 2/PNG/Weapon_Color_B_256X256/Gun_03_A.png
  artifactKey: Guid(83610ecaf0dcece4ebb7edd11622682b) Importer(815301076,1909f56bfc062723c751e8b465ee728b)
Start importing Assets/Scenes/Tank 2/PNG/Weapon_Color_B_256X256/Gun_03_A.png using Guid(83610ecaf0dcece4ebb7edd11622682b) Importer(815301076,1909f56bfc062723c751e8b465ee728b)  -> (artifact id: '9e0414c7a0e7214b34a8bda9985e01f7') in 0.067680 seconds 
  Import took 0.121034 seconds .

========================================================================
Received Import Request.
  Time since last request: 0.000670 seconds.
  path: Assets/Scenes/Tank 2/PNG/Weapon_Color_B_256X256/Gun_06_B.png
  artifactKey: Guid(2a56b442f7809174ba16685ef333cd6b) Importer(815301076,1909f56bfc062723c751e8b465ee728b)
Start importing Assets/Scenes/Tank 2/PNG/Weapon_Color_B_256X256/Gun_06_B.png using Guid(2a56b442f7809174ba16685ef333cd6b) Importer(815301076,1909f56bfc062723c751e8b465ee728b)  -> (artifact id: '56645489d3cbd5d29f745fe21e6c4a25') in 0.056036 seconds 
  Import took 0.123237 seconds .

========================================================================
Received Import Request.
  Time since last request: 0.000419 seconds.
  path: Assets/Scenes/Tank 2/PNG/Weapon_Color_B_256X256/Gun_07_B.png
  artifactKey: Guid(db41e230aeb6a964aada96fe38107e74) Importer(815301076,1909f56bfc062723c751e8b465ee728b)
Start importing Assets/Scenes/Tank 2/PNG/Weapon_Color_B_256X256/Gun_07_B.png using Guid(db41e230aeb6a964aada96fe38107e74) Importer(815301076,1909f56bfc062723c751e8b465ee728b)  -> (artifact id: 'c22153d47718c6393cc62e8173067be7') in 0.080468 seconds 
  Import took 0.113090 seconds .

========================================================================
Received Import Request.
  Time since last request: 0.000451 seconds.
  path: Assets/Scenes/Tank 2/PNG/Weapon_Color_B_256X256/Gun_03.png
  artifactKey: Guid(89b0f2e1b9f0cc3419baf5fb74956551) Importer(815301076,1909f56bfc062723c751e8b465ee728b)
Start importing Assets/Scenes/Tank 2/PNG/Weapon_Color_B_256X256/Gun_03.png using Guid(89b0f2e1b9f0cc3419baf5fb74956551) Importer(815301076,1909f56bfc062723c751e8b465ee728b)  -> (artifact id: 'b5c30285a676dd59ee2299a37635ad88') in 0.160508 seconds 
  Import took 0.175182 seconds .

========================================================================
Received Import Request.
  Time since last request: 0.000544 seconds.
  path: Assets/Scenes/Tank 2/PNG/Weapon_Color_B_256X256/Gun_06.png
  artifactKey: Guid(d0a37bc0e1d91f0489d95fa57dac7f59) Importer(815301076,1909f56bfc062723c751e8b465ee728b)
Start importing Assets/Scenes/Tank 2/PNG/Weapon_Color_B_256X256/Gun_06.png using Guid(d0a37bc0e1d91f0489d95fa57dac7f59) Importer(815301076,1909f56bfc062723c751e8b465ee728b)  -> (artifact id: '95afe3fe92e7d0f9cce62f85dc73c732') in 0.075975 seconds 
  Import took 0.117445 seconds .

========================================================================
Received Import Request.
  Time since last request: 0.000441 seconds.
  path: Assets/Scenes/Tank 2/PNG/Weapon_Color_B_256X256/Gun_07_A.png
  artifactKey: Guid(35e6bbdccd80e2648a94cfe5e44329f2) Importer(815301076,1909f56bfc062723c751e8b465ee728b)
Start importing Assets/Scenes/Tank 2/PNG/Weapon_Color_B_256X256/Gun_07_A.png using Guid(35e6bbdccd80e2648a94cfe5e44329f2) Importer(815301076,1909f56bfc062723c751e8b465ee728b)  -> (artifact id: '1bb399a43872304dbaf5c7f72310c848') in 0.085461 seconds 
  Import took 0.106098 seconds .

========================================================================
Received Import Request.
  Time since last request: 0.000371 seconds.
  path: Assets/Scenes/Tank 2/PNG/Weapon_Color_B_256X256/Gun_04.png
  artifactKey: Guid(63d25879fcb580240948214f7d74d897) Importer(815301076,1909f56bfc062723c751e8b465ee728b)
Start importing Assets/Scenes/Tank 2/PNG/Weapon_Color_B_256X256/Gun_04.png using Guid(63d25879fcb580240948214f7d74d897) Importer(815301076,1909f56bfc062723c751e8b465ee728b)  -> (artifact id: '8cbfc8b2e189c523cd370a943cd6bcde') in 0.076250 seconds 
  Import took 0.108805 seconds .

========================================================================
Received Import Request.
  Time since last request: 0.000668 seconds.
  path: Assets/Scenes/Tank 2/PNG/Weapon_Color_B_256X256/Gun_03_B.png
  artifactKey: Guid(663f5675ea9073c4b9267f5ed0dc8d57) Importer(815301076,1909f56bfc062723c751e8b465ee728b)
Start importing Assets/Scenes/Tank 2/PNG/Weapon_Color_B_256X256/Gun_03_B.png using Guid(663f5675ea9073c4b9267f5ed0dc8d57) Importer(815301076,1909f56bfc062723c751e8b465ee728b)  -> (artifact id: '3c531e45da8a4dcb97f19d2da23ec169') in 0.079131 seconds 
  Import took 0.109682 seconds .

========================================================================
Received Import Request.
  Time since last request: 0.695511 seconds.
  path: Assets/Scenes/Tank 2/PNG/Weapon_Color_C/Gun_01.png
  artifactKey: Guid(b704ed3f1dfd1774597848814cfbfe87) Importer(815301076,1909f56bfc062723c751e8b465ee728b)
Start importing Assets/Scenes/Tank 2/PNG/Weapon_Color_C/Gun_01.png using Guid(b704ed3f1dfd1774597848814cfbfe87) Importer(815301076,1909f56bfc062723c751e8b465ee728b)  -> (artifact id: '473b029526d2729748f7c0b325ee95c0') in 0.041259 seconds 
  Import took 0.062894 seconds .

========================================================================
Received Import Request.
  Time since last request: 0.001564 seconds.
  path: Assets/Scenes/Tank 2/PNG/Weapon_Color_C/Gun_02_A.png
  artifactKey: Guid(6033b1864efc1b9408e8dde47f753a26) Importer(815301076,1909f56bfc062723c751e8b465ee728b)
Start importing Assets/Scenes/Tank 2/PNG/Weapon_Color_C/Gun_02_A.png using Guid(6033b1864efc1b9408e8dde47f753a26) Importer(815301076,1909f56bfc062723c751e8b465ee728b)  -> (artifact id: '3032413513c7f7e11c079bb1060e9852') in 0.045052 seconds 
  Import took 0.081253 seconds .

========================================================================
Received Import Request.
  Time since last request: 0.000366 seconds.
  path: Assets/Scenes/Tank 2/PNG/Weapon_Color_C/Gun_05.png
  artifactKey: Guid(7c03907173ae19d43a96c9fefa26eef2) Importer(815301076,1909f56bfc062723c751e8b465ee728b)
Start importing Assets/Scenes/Tank 2/PNG/Weapon_Color_C/Gun_05.png using Guid(7c03907173ae19d43a96c9fefa26eef2) Importer(815301076,1909f56bfc062723c751e8b465ee728b)  -> (artifact id: '0a06d7bc2b83bd4f6db643ce8e4cfb6d') in 0.051873 seconds 
  Import took 0.076136 seconds .

========================================================================
Received Import Request.
  Time since last request: 0.000304 seconds.
  path: Assets/Scenes/Tank 2/PNG/Weapon_Color_C/Gun_07.png
  artifactKey: Guid(b0d4f3e87979da84eb1bd6cf2829ad9b) Importer(815301076,1909f56bfc062723c751e8b465ee728b)
Start importing Assets/Scenes/Tank 2/PNG/Weapon_Color_C/Gun_07.png using Guid(b0d4f3e87979da84eb1bd6cf2829ad9b) Importer(815301076,1909f56bfc062723c751e8b465ee728b)  -> (artifact id: '73d00c6c970efb03ef8a6a420649e9a3') in 0.071795 seconds 
  Import took 0.077884 seconds .

========================================================================
Received Import Request.
  Time since last request: 0.002014 seconds.
  path: Assets/Scenes/Tank 2/PNG/Weapon_Color_C/Gun_04.png
  artifactKey: Guid(b319e1d261079fa46a84e0021e361aea) Importer(815301076,1909f56bfc062723c751e8b465ee728b)
Start importing Assets/Scenes/Tank 2/PNG/Weapon_Color_C/Gun_04.png using Guid(b319e1d261079fa46a84e0021e361aea) Importer(815301076,1909f56bfc062723c751e8b465ee728b)  -> (artifact id: '4b0bc8afc4d1731bad9730ddafc1ee02') in 0.049250 seconds 
  Import took 0.068457 seconds .

========================================================================
Received Import Request.
  Time since last request: 0.000324 seconds.
  path: Assets/Scenes/Tank 2/PNG/Weapon_Color_C/Gun_06.png
  artifactKey: Guid(127cad0dda7559b4b8d594e6d63a6a7f) Importer(815301076,1909f56bfc062723c751e8b465ee728b)
Start importing Assets/Scenes/Tank 2/PNG/Weapon_Color_C/Gun_06.png using Guid(127cad0dda7559b4b8d594e6d63a6a7f) Importer(815301076,1909f56bfc062723c751e8b465ee728b)  -> (artifact id: 'd6ae99c74e1db706ed074431a127dbe9') in 0.067624 seconds 
  Import took 0.075198 seconds .

========================================================================
Received Import Request.
  Time since last request: 0.000340 seconds.
  path: Assets/Scenes/Tank 2/PNG/Weapon_Color_C/Gun_08_A.png
  artifactKey: Guid(133e07cced1699245925bca274105436) Importer(815301076,1909f56bfc062723c751e8b465ee728b)
Start importing Assets/Scenes/Tank 2/PNG/Weapon_Color_C/Gun_08_A.png using Guid(133e07cced1699245925bca274105436) Importer(815301076,1909f56bfc062723c751e8b465ee728b)  -> (artifact id: '8738545ba10570c732001f342c7947a4') in 0.049111 seconds 
  Import took 0.065710 seconds .

========================================================================
Received Import Request.
  Time since last request: 0.000316 seconds.
  path: Assets/Scenes/Tank 2/PNG/Weapon_Color_C/Gun_07_B.png
  artifactKey: Guid(dff5c5dcbd254aa48b8089f6459a10f0) Importer(815301076,1909f56bfc062723c751e8b465ee728b)
Start importing Assets/Scenes/Tank 2/PNG/Weapon_Color_C/Gun_07_B.png using Guid(dff5c5dcbd254aa48b8089f6459a10f0) Importer(815301076,1909f56bfc062723c751e8b465ee728b)  -> (artifact id: '75360c5c6a6f1720a6d32597fdacda29') in 0.090512 seconds 
  Import took 0.100534 seconds .

========================================================================
Received Import Request.
  Time since last request: 0.000342 seconds.
  path: Assets/Scenes/Tank 2/PNG/Weapon_Color_C/Gun_02_B.png
  artifactKey: Guid(63511773e09b7aa4fbc17819f8fbb077) Importer(815301076,1909f56bfc062723c751e8b465ee728b)
Start importing Assets/Scenes/Tank 2/PNG/Weapon_Color_C/Gun_02_B.png using Guid(63511773e09b7aa4fbc17819f8fbb077) Importer(815301076,1909f56bfc062723c751e8b465ee728b)  -> (artifact id: '68e709a79e9e43497c0d84f5f84e6c84') in 0.083506 seconds 
  Import took 0.108802 seconds .

========================================================================
Received Import Request.
  Time since last request: 0.026015 seconds.
  path: Assets/Scenes/Tank 2/PNG/Weapon_Color_C/Gun_05_B.png
  artifactKey: Guid(ae70643dc1cf34e4f9411029f61108eb) Importer(815301076,1909f56bfc062723c751e8b465ee728b)
Start importing Assets/Scenes/Tank 2/PNG/Weapon_Color_C/Gun_05_B.png using Guid(ae70643dc1cf34e4f9411029f61108eb) Importer(815301076,1909f56bfc062723c751e8b465ee728b)  -> (artifact id: 'f6b22b6a17eb5efa9490111e03784833') in 0.061478 seconds 
  Import took 0.078328 seconds .

========================================================================
Received Import Request.
  Time since last request: 0.000349 seconds.
  path: Assets/Scenes/Tank 2/PNG/Weapon_Color_C/Gun_03_A.png
  artifactKey: Guid(ed0b003ac32ad9a41ad6b45453a92919) Importer(815301076,1909f56bfc062723c751e8b465ee728b)
Start importing Assets/Scenes/Tank 2/PNG/Weapon_Color_C/Gun_03_A.png using Guid(ed0b003ac32ad9a41ad6b45453a92919) Importer(815301076,1909f56bfc062723c751e8b465ee728b)  -> (artifact id: 'c03b780532ba2ca6e7ab731b393d013d') in 0.071317 seconds 
  Import took 0.097067 seconds .

========================================================================
Received Import Request.
  Time since last request: 0.000587 seconds.
  path: Assets/Scenes/Tank 2/PNG/Weapon_Color_C/Gun_04_A.png
  artifactKey: Guid(c3800b0225142fc439a8718387dba208) Importer(815301076,1909f56bfc062723c751e8b465ee728b)
Start importing Assets/Scenes/Tank 2/PNG/Weapon_Color_C/Gun_04_A.png using Guid(c3800b0225142fc439a8718387dba208) Importer(815301076,1909f56bfc062723c751e8b465ee728b)  -> (artifact id: 'ee5bcec74eb688fe8e18de58988bc252') in 0.040520 seconds 
  Import took 0.075699 seconds .

========================================================================
Received Import Request.
  Time since last request: 0.000335 seconds.
  path: Assets/Scenes/Tank 2/PNG/Weapon_Color_C/Gun_04_B.png
  artifactKey: Guid(d15f9f49e961df347b451bb17787cc2d) Importer(815301076,1909f56bfc062723c751e8b465ee728b)
Start importing Assets/Scenes/Tank 2/PNG/Weapon_Color_C/Gun_04_B.png using Guid(d15f9f49e961df347b451bb17787cc2d) Importer(815301076,1909f56bfc062723c751e8b465ee728b)  -> (artifact id: 'fb723e85815976066beee70968483e8e') in 0.074537 seconds 
  Import took 0.103149 seconds .

========================================================================
Received Import Request.
  Time since last request: 0.000393 seconds.
  path: Assets/Scenes/Tank 2/PNG/Weapon_Color_C/Gun_02.png
  artifactKey: Guid(7f0c58d139777b642ac5a8874b4a9078) Importer(815301076,1909f56bfc062723c751e8b465ee728b)
Start importing Assets/Scenes/Tank 2/PNG/Weapon_Color_C/Gun_02.png using Guid(7f0c58d139777b642ac5a8874b4a9078) Importer(815301076,1909f56bfc062723c751e8b465ee728b)  -> (artifact id: 'b48d36c86d4d8c668fdee17ce600da8e') in 0.057120 seconds 
  Import took 0.083418 seconds .

========================================================================
Received Import Request.
  Time since last request: 0.000603 seconds.
  path: Assets/Scenes/Tank 2/PNG/Weapon_Color_C/Gun_08.png
  artifactKey: Guid(84cc92b71a7bd3349ade8d43af4d57bd) Importer(815301076,1909f56bfc062723c751e8b465ee728b)
Start importing Assets/Scenes/Tank 2/PNG/Weapon_Color_C/Gun_08.png using Guid(84cc92b71a7bd3349ade8d43af4d57bd) Importer(815301076,1909f56bfc062723c751e8b465ee728b)  -> (artifact id: '8ec3c3efa0826259b62a067bac90b939') in 0.054857 seconds 
  Import took 0.084766 seconds .

========================================================================
Received Import Request.
  Time since last request: 0.000345 seconds.
  path: Assets/Scenes/Tank 2/PNG/Weapon_Color_C/Gun_01_B.png
  artifactKey: Guid(5079be1bd1b12744383ac5a1b473d53f) Importer(815301076,1909f56bfc062723c751e8b465ee728b)
Start importing Assets/Scenes/Tank 2/PNG/Weapon_Color_C/Gun_01_B.png using Guid(5079be1bd1b12744383ac5a1b473d53f) Importer(815301076,1909f56bfc062723c751e8b465ee728b)  -> (artifact id: '9699ea519fac04b6a8ee6d8493d4c304') in 0.076039 seconds 
  Import took 0.110050 seconds .

========================================================================
Received Import Request.
  Time since last request: 0.000338 seconds.
  path: Assets/Scenes/Tank 2/PNG/Weapon_Color_C/Gun_08_B.png
  artifactKey: Guid(9f2977bfddac8a04b8c80d82ed4ea393) Importer(815301076,1909f56bfc062723c751e8b465ee728b)
Start importing Assets/Scenes/Tank 2/PNG/Weapon_Color_C/Gun_08_B.png using Guid(9f2977bfddac8a04b8c80d82ed4ea393) Importer(815301076,1909f56bfc062723c751e8b465ee728b)  -> (artifact id: '4d39bd87247a89c633f3b5bb8e5dd2b9') in 0.062048 seconds 
  Import took 0.078820 seconds .

========================================================================
Received Import Request.
  Time since last request: 0.000399 seconds.
  path: Assets/Scenes/Tank 2/PNG/Weapon_Color_C/Gun_03.png
  artifactKey: Guid(a68c56d262eed8b4988202047c1a8e69) Importer(815301076,1909f56bfc062723c751e8b465ee728b)
Start importing Assets/Scenes/Tank 2/PNG/Weapon_Color_C/Gun_03.png using Guid(a68c56d262eed8b4988202047c1a8e69) Importer(815301076,1909f56bfc062723c751e8b465ee728b)  -> (artifact id: 'b90ac62ffedd23b2dac815fa29dfcf60') in 0.074154 seconds 
  Import took 0.096282 seconds .

========================================================================
Received Import Request.
  Time since last request: 0.000356 seconds.
  path: Assets/Scenes/Tank 2/PNG/Weapon_Color_C/Gun_01_A.png
  artifactKey: Guid(d660d2eb2f5ea2f45bf3e5bcbd897c5d) Importer(815301076,1909f56bfc062723c751e8b465ee728b)
Start importing Assets/Scenes/Tank 2/PNG/Weapon_Color_C/Gun_01_A.png using Guid(d660d2eb2f5ea2f45bf3e5bcbd897c5d) Importer(815301076,1909f56bfc062723c751e8b465ee728b)  -> (artifact id: '07dd56d7e6b8d0732d2163c487a4b3f8') in 0.045846 seconds 
  Import took 0.073241 seconds .

========================================================================
Received Import Request.
  Time since last request: 0.000340 seconds.
  path: Assets/Scenes/Tank 2/PNG/Weapon_Color_C/Gun_05_A.png
  artifactKey: Guid(67a239617d496664aa26adad76679a5d) Importer(815301076,1909f56bfc062723c751e8b465ee728b)
Start importing Assets/Scenes/Tank 2/PNG/Weapon_Color_C/Gun_05_A.png using Guid(67a239617d496664aa26adad76679a5d) Importer(815301076,1909f56bfc062723c751e8b465ee728b)  -> (artifact id: 'bbcff0e5299b886692cf2a6ff7acb47d') in 0.074469 seconds 
  Import took 0.098526 seconds .

========================================================================
Received Import Request.
  Time since last request: 0.000500 seconds.
  path: Assets/Scenes/Tank 2/PNG/Weapon_Color_C/Gun_06_A.png
  artifactKey: Guid(00ae16ff2d5a9574980b511b329a778d) Importer(815301076,1909f56bfc062723c751e8b465ee728b)
Start importing Assets/Scenes/Tank 2/PNG/Weapon_Color_C/Gun_06_A.png using Guid(00ae16ff2d5a9574980b511b329a778d) Importer(815301076,1909f56bfc062723c751e8b465ee728b)  -> (artifact id: 'e074c9bc39beffc0d6ec4fe9e20c7930') in 0.055262 seconds 
  Import took 0.097610 seconds .

========================================================================
Received Import Request.
  Time since last request: 0.000450 seconds.
  path: Assets/Scenes/Tank 2/PNG/Weapon_Color_C/Gun_07_A.png
  artifactKey: Guid(c9157bb2f12490b40bd05c5e7036f50e) Importer(815301076,1909f56bfc062723c751e8b465ee728b)
Start importing Assets/Scenes/Tank 2/PNG/Weapon_Color_C/Gun_07_A.png using Guid(c9157bb2f12490b40bd05c5e7036f50e) Importer(815301076,1909f56bfc062723c751e8b465ee728b)  -> (artifact id: '4a496f74f5e98bbe9d151f3133863805') in 0.083642 seconds 
  Import took 0.119521 seconds .

========================================================================
Received Import Request.
  Time since last request: 0.000502 seconds.
  path: Assets/Scenes/Tank 2/PNG/Weapon_Color_C/Gun_03_B.png
  artifactKey: Guid(95042cfddaf3027459b0a5543ed489d0) Importer(815301076,1909f56bfc062723c751e8b465ee728b)
Start importing Assets/Scenes/Tank 2/PNG/Weapon_Color_C/Gun_03_B.png using Guid(95042cfddaf3027459b0a5543ed489d0) Importer(815301076,1909f56bfc062723c751e8b465ee728b)  -> (artifact id: '9da3db701adbed2c4f1f807afc9a9cec') in 0.083721 seconds 
  Import took 0.132011 seconds .

========================================================================
Received Import Request.
  Time since last request: 0.000593 seconds.
  path: Assets/Scenes/Tank 2/PNG/Weapon_Color_C/Gun_06_B.png
  artifactKey: Guid(a5126cb1433d84d4e8437819980fddab) Importer(815301076,1909f56bfc062723c751e8b465ee728b)
Start importing Assets/Scenes/Tank 2/PNG/Weapon_Color_C/Gun_06_B.png using Guid(a5126cb1433d84d4e8437819980fddab) Importer(815301076,1909f56bfc062723c751e8b465ee728b)  -> (artifact id: '0244eb0b0e49c17df5c7916a0c099354') in 0.061856 seconds 
  Import took 0.112057 seconds .

========================================================================
Received Import Request.
  Time since last request: 117.619740 seconds.
  path: Assets/Script/gerak.cs
  artifactKey: Guid(1d5bc427da827334a9d7dd810c012dfa) Importer(815301076,1909f56bfc062723c751e8b465ee728b)
Start importing Assets/Script/gerak.cs using Guid(1d5bc427da827334a9d7dd810c012dfa) Importer(815301076,1909f56bfc062723c751e8b465ee728b)  -> (artifact id: '7480c68ee6173d4b6cd7f14cf7dec856') in 0.064474 seconds 
  Import took 0.072844 seconds .

========================================================================
Received Import Request.
  Time since last request: 15.651522 seconds.
  path: Assets/Script/PlayerInput.cs
  artifactKey: Guid(a1087c88d257c224e9fec30e8e6a5dc3) Importer(815301076,1909f56bfc062723c751e8b465ee728b)
Start importing Assets/Script/PlayerInput.cs using Guid(a1087c88d257c224e9fec30e8e6a5dc3) Importer(815301076,1909f56bfc062723c751e8b465ee728b)  -> (artifact id: 'b669b24f58664e4245417fc438cf14ea') in 0.053583 seconds 
  Import took 0.077155 seconds .

========================================================================
Received Prepare
Registering precompiled user dll's ...
Registered in 0.011076 seconds.
Begin MonoManager ReloadAssembly
Native extension for WindowsStandalone target not found
Native extension for WebGL target not found
Refreshing native plugins compatible for Editor in 1.91 ms, found 3 plugins.
Preloading 0 native plugins for Editor in 0.00 ms.
Mono: successfully reloaded assembly
- Completed reload, in  5.036 seconds
Domain Reload Profiling:
	ReloadAssembly (5037ms)
		BeginReloadAssembly (527ms)
			ExecutionOrderSort (0ms)
			DisableScriptedObjects (28ms)
			BackupInstance (0ms)
			ReleaseScriptingObjects (0ms)
			CreateAndSetChildDomain (157ms)
		EndReloadAssembly (4198ms)
			LoadAssemblies (532ms)
			RebuildTransferFunctionScriptingTraits (0ms)
			SetupTypeCache (2314ms)
			ReleaseScriptCaches (3ms)
			RebuildScriptCaches (127ms)
			SetupLoadedEditorAssemblies (1025ms)
				LogAssemblyErrors (0ms)
				InitializePlatformSupportModulesInManaged (20ms)
				SetLoadedEditorAssemblies (2ms)
				RefreshPlugins (2ms)
				BeforeProcessingInitializeOnLoad (189ms)
				ProcessInitializeOnLoadAttributes (751ms)
				ProcessInitializeOnLoadMethodAttributes (37ms)
				AfterProcessingInitializeOnLoad (23ms)
				EditorAssembliesLoaded (0ms)
			ExecutionOrderSort2 (0ms)
			AwakeInstancesAfterBackupRestoration (32ms)
Platform modules already initialized, skipping
Refreshing native plugins compatible for Editor in 1.26 ms, found 3 plugins.
Preloading 0 native plugins for Editor in 0.00 ms.
Unloading 2188 Unused Serialized files (Serialized files now loaded: 0)
System memory in use before: 98.5 MB.
System memory in use after: 98.6 MB.

Unloading 17 unused Assets to reduce memory usage. Loaded Objects now: 2684.
Total: 7.504300 ms (FindLiveObjects: 0.397000 ms CreateObjectMapping: 0.319200 ms MarkObjects: 6.735000 ms  DeleteObjects: 0.049600 ms)

AssetImportParameters requested are different than current active one (requested -> active):
  custom:framework-win-MediaFoundation: 216162199b28c13a410421893ffa2e32 -> 
  custom:video-decoder-ogg-theora: a1e56fd34408186e4bbccfd4996cb3dc -> 
  custom:container-muxer-webm: aa71ff27fc2769a1b78a27578f13a17b -> 
  custom:container-demuxer-webm: 4f35f7cbe854078d1ac9338744f61a02 -> 
  custom:container-demuxer-ogg: 62fdf1f143b41e24485cea50d1cbac27 -> 
  custom:video-encoder-webm-vp8: eb34c28f22e8b96e1ab97ce403110664 -> 
  custom:video-decoder-webm-vp8: 9c59270c3fd7afecdb556c50c9e8de78 -> 
  custom:audio-decoder-ogg-vorbis: bf7c407c2cedff20999df2af8eb42d56 -> 
  custom:audio-encoder-webm-vorbis: bf7c407c2cedff20999df2af8eb42d56 -> 
========================================================================
Received Prepare
Registering precompiled user dll's ...
Registered in 0.033688 seconds.
Begin MonoManager ReloadAssembly
Native extension for WindowsStandalone target not found
Native extension for WebGL target not found
Refreshing native plugins compatible for Editor in 1.10 ms, found 3 plugins.
Preloading 0 native plugins for Editor in 0.00 ms.
Mono: successfully reloaded assembly
- Completed reload, in  2.860 seconds
Domain Reload Profiling:
	ReloadAssembly (2861ms)
		BeginReloadAssembly (270ms)
			ExecutionOrderSort (0ms)
			DisableScriptedObjects (14ms)
			BackupInstance (0ms)
			ReleaseScriptingObjects (0ms)
			CreateAndSetChildDomain (80ms)
		EndReloadAssembly (2434ms)
			LoadAssemblies (258ms)
			RebuildTransferFunctionScriptingTraits (0ms)
			SetupTypeCache (1020ms)
			ReleaseScriptCaches (2ms)
			RebuildScriptCaches (110ms)
			SetupLoadedEditorAssemblies (833ms)
				LogAssemblyErrors (0ms)
				InitializePlatformSupportModulesInManaged (13ms)
				SetLoadedEditorAssemblies (1ms)
				RefreshPlugins (1ms)
				BeforeProcessingInitializeOnLoad (145ms)
				ProcessInitializeOnLoadAttributes (617ms)
				ProcessInitializeOnLoadMethodAttributes (34ms)
				AfterProcessingInitializeOnLoad (22ms)
				EditorAssembliesLoaded (0ms)
			ExecutionOrderSort2 (0ms)
			AwakeInstancesAfterBackupRestoration (27ms)
Platform modules already initialized, skipping
Refreshing native plugins compatible for Editor in 1.57 ms, found 3 plugins.
Preloading 0 native plugins for Editor in 0.00 ms.
Unloading 2188 Unused Serialized files (Serialized files now loaded: 0)
System memory in use before: 98.5 MB.
System memory in use after: 98.6 MB.

Unloading 17 unused Assets to reduce memory usage. Loaded Objects now: 2686.
Total: 96.554800 ms (FindLiveObjects: 11.836500 ms CreateObjectMapping: 0.510200 ms MarkObjects: 84.159900 ms  DeleteObjects: 0.044800 ms)

AssetImportParameters requested are different than current active one (requested -> active):
  custom:framework-win-MediaFoundation: 216162199b28c13a410421893ffa2e32 -> 
  custom:video-decoder-ogg-theora: a1e56fd34408186e4bbccfd4996cb3dc -> 
  custom:container-muxer-webm: aa71ff27fc2769a1b78a27578f13a17b -> 
  custom:container-demuxer-webm: 4f35f7cbe854078d1ac9338744f61a02 -> 
  custom:container-demuxer-ogg: 62fdf1f143b41e24485cea50d1cbac27 -> 
  custom:video-encoder-webm-vp8: eb34c28f22e8b96e1ab97ce403110664 -> 
  custom:video-decoder-webm-vp8: 9c59270c3fd7afecdb556c50c9e8de78 -> 
  custom:audio-decoder-ogg-vorbis: bf7c407c2cedff20999df2af8eb42d56 -> 
  custom:audio-encoder-webm-vorbis: bf7c407c2cedff20999df2af8eb42d56 -> 
========================================================================
Received Import Request.
  Time since last request: 164.188625 seconds.
  path: Assets/Script/PlayerInput.cs
  artifactKey: Guid(a1087c88d257c224e9fec30e8e6a5dc3) Importer(815301076,1909f56bfc062723c751e8b465ee728b)
Start importing Assets/Script/PlayerInput.cs using Guid(a1087c88d257c224e9fec30e8e6a5dc3) Importer(815301076,1909f56bfc062723c751e8b465ee728b)  -> (artifact id: '709a633b82931fd464df8885112f6eb9') in 0.157965 seconds 
  Import took 0.193231 seconds .

========================================================================
Received Import Request.
  Time since last request: 22.412351 seconds.
  path: Assets/Script/Bullet.cs
  artifactKey: Guid(a6826d8966d06f64192850afd57cdcc9) Importer(815301076,1909f56bfc062723c751e8b465ee728b)
Start importing Assets/Script/Bullet.cs using Guid(a6826d8966d06f64192850afd57cdcc9) Importer(815301076,1909f56bfc062723c751e8b465ee728b)  -> (artifact id: '4a562227365a108054b95664980c90d1') in 0.042870 seconds 
  Import took 0.060039 seconds .

========================================================================
Received Prepare
Registering precompiled user dll's ...
Registered in 0.063742 seconds.
Begin MonoManager ReloadAssembly
Native extension for WindowsStandalone target not found
Native extension for WebGL target not found
Refreshing native plugins compatible for Editor in 1.21 ms, found 3 plugins.
Preloading 0 native plugins for Editor in 0.00 ms.
Mono: successfully reloaded assembly
- Completed reload, in  2.462 seconds
Domain Reload Profiling:
	ReloadAssembly (2462ms)
		BeginReloadAssembly (275ms)
			ExecutionOrderSort (0ms)
			DisableScriptedObjects (15ms)
			BackupInstance (0ms)
			ReleaseScriptingObjects (0ms)
			CreateAndSetChildDomain (74ms)
		EndReloadAssembly (2035ms)
			LoadAssemblies (269ms)
			RebuildTransferFunctionScriptingTraits (0ms)
			SetupTypeCache (675ms)
			ReleaseScriptCaches (2ms)
			RebuildScriptCaches (97ms)
			SetupLoadedEditorAssemblies (794ms)
				LogAssemblyErrors (0ms)
				InitializePlatformSupportModulesInManaged (17ms)
				SetLoadedEditorAssemblies (2ms)
				RefreshPlugins (1ms)
				BeforeProcessingInitializeOnLoad (135ms)
				ProcessInitializeOnLoadAttributes (584ms)
				ProcessInitializeOnLoadMethodAttributes (34ms)
				AfterProcessingInitializeOnLoad (21ms)
				EditorAssembliesLoaded (0ms)
			ExecutionOrderSort2 (0ms)
			AwakeInstancesAfterBackupRestoration (27ms)
Platform modules already initialized, skipping
Refreshing native plugins compatible for Editor in 1.26 ms, found 3 plugins.
Preloading 0 native plugins for Editor in 0.00 ms.
Unloading 2189 Unused Serialized files (Serialized files now loaded: 0)
System memory in use before: 98.5 MB.
System memory in use after: 98.7 MB.

Unloading 17 unused Assets to reduce memory usage. Loaded Objects now: 2689.
Total: 7.081500 ms (FindLiveObjects: 0.720900 ms CreateObjectMapping: 0.186500 ms MarkObjects: 6.126600 ms  DeleteObjects: 0.044000 ms)

AssetImportParameters requested are different than current active one (requested -> active):
  custom:framework-win-MediaFoundation: 216162199b28c13a410421893ffa2e32 -> 
  custom:video-decoder-ogg-theora: a1e56fd34408186e4bbccfd4996cb3dc -> 
  custom:container-muxer-webm: aa71ff27fc2769a1b78a27578f13a17b -> 
  custom:container-demuxer-webm: 4f35f7cbe854078d1ac9338744f61a02 -> 
  custom:container-demuxer-ogg: 62fdf1f143b41e24485cea50d1cbac27 -> 
  custom:video-encoder-webm-vp8: eb34c28f22e8b96e1ab97ce403110664 -> 
  custom:video-decoder-webm-vp8: 9c59270c3fd7afecdb556c50c9e8de78 -> 
  custom:audio-decoder-ogg-vorbis: bf7c407c2cedff20999df2af8eb42d56 -> 
  custom:audio-encoder-webm-vorbis: bf7c407c2cedff20999df2af8eb42d56 -> 
========================================================================
Received Import Request.
  Time since last request: 34.409402 seconds.
  path: Assets/Script/TankController.cs
  artifactKey: Guid(86d8305ca377247418535c4372362903) Importer(815301076,1909f56bfc062723c751e8b465ee728b)
Start importing Assets/Script/TankController.cs using Guid(86d8305ca377247418535c4372362903) Importer(815301076,1909f56bfc062723c751e8b465ee728b)  -> (artifact id: 'f4ef61079a31e354b6609e72e2c4bf0b') in 0.053727 seconds 
  Import took 0.063634 seconds .

========================================================================
Received Prepare
Registering precompiled user dll's ...
Registered in 0.015726 seconds.
Begin MonoManager ReloadAssembly
Native extension for WindowsStandalone target not found
Native extension for WebGL target not found
Refreshing native plugins compatible for Editor in 1.06 ms, found 3 plugins.
Preloading 0 native plugins for Editor in 0.00 ms.
Mono: successfully reloaded assembly
- Completed reload, in  2.705 seconds
Domain Reload Profiling:
	ReloadAssembly (2706ms)
		BeginReloadAssembly (345ms)
			ExecutionOrderSort (0ms)
			DisableScriptedObjects (15ms)
			BackupInstance (0ms)
			ReleaseScriptingObjects (0ms)
			CreateAndSetChildDomain (112ms)
		EndReloadAssembly (2185ms)
			LoadAssemblies (325ms)
			RebuildTransferFunctionScriptingTraits (0ms)
			SetupTypeCache (848ms)
			ReleaseScriptCaches (2ms)
			RebuildScriptCaches (111ms)
			SetupLoadedEditorAssemblies (650ms)
				LogAssemblyErrors (0ms)
				InitializePlatformSupportModulesInManaged (11ms)
				SetLoadedEditorAssemblies (1ms)
				RefreshPlugins (1ms)
				BeforeProcessingInitializeOnLoad (123ms)
				ProcessInitializeOnLoadAttributes (459ms)
				ProcessInitializeOnLoadMethodAttributes (35ms)
				AfterProcessingInitializeOnLoad (19ms)
				EditorAssembliesLoaded (0ms)
			ExecutionOrderSort2 (0ms)
			AwakeInstancesAfterBackupRestoration (24ms)
Platform modules already initialized, skipping
Refreshing native plugins compatible for Editor in 1.16 ms, found 3 plugins.
Preloading 0 native plugins for Editor in 0.00 ms.
Unloading 2190 Unused Serialized files (Serialized files now loaded: 0)
System memory in use before: 98.6 MB.
System memory in use after: 98.7 MB.

Unloading 17 unused Assets to reduce memory usage. Loaded Objects now: 2692.
Total: 16.360500 ms (FindLiveObjects: 0.444400 ms CreateObjectMapping: 0.160500 ms MarkObjects: 15.710100 ms  DeleteObjects: 0.042900 ms)

AssetImportParameters requested are different than current active one (requested -> active):
  custom:framework-win-MediaFoundation: 216162199b28c13a410421893ffa2e32 -> 
  custom:video-decoder-ogg-theora: a1e56fd34408186e4bbccfd4996cb3dc -> 
  custom:container-muxer-webm: aa71ff27fc2769a1b78a27578f13a17b -> 
  custom:container-demuxer-webm: 4f35f7cbe854078d1ac9338744f61a02 -> 
  custom:container-demuxer-ogg: 62fdf1f143b41e24485cea50d1cbac27 -> 
  custom:video-encoder-webm-vp8: eb34c28f22e8b96e1ab97ce403110664 -> 
  custom:video-decoder-webm-vp8: 9c59270c3fd7afecdb556c50c9e8de78 -> 
  custom:audio-decoder-ogg-vorbis: bf7c407c2cedff20999df2af8eb42d56 -> 
  custom:audio-encoder-webm-vorbis: bf7c407c2cedff20999df2af8eb42d56 -> 
========================================================================
Received Import Request.
  Time since last request: 29.977975 seconds.
  path: Assets/Script/TankMover.cs
  artifactKey: Guid(d9a9b1a5bfb601443856e94d6752e556) Importer(815301076,1909f56bfc062723c751e8b465ee728b)
Start importing Assets/Script/TankMover.cs using Guid(d9a9b1a5bfb601443856e94d6752e556) Importer(815301076,1909f56bfc062723c751e8b465ee728b)  -> (artifact id: 'b4d12e70cfc8ca4269a49f8ad1c4c3db') in 0.044020 seconds 
  Import took 0.061891 seconds .

========================================================================
Received Prepare
Registering precompiled user dll's ...
Registered in 0.013851 seconds.
Begin MonoManager ReloadAssembly
Native extension for WindowsStandalone target not found
Native extension for WebGL target not found
Refreshing native plugins compatible for Editor in 1.04 ms, found 3 plugins.
Preloading 0 native plugins for Editor in 0.00 ms.
Mono: successfully reloaded assembly
- Completed reload, in  3.080 seconds
Domain Reload Profiling:
	ReloadAssembly (3081ms)
		BeginReloadAssembly (284ms)
			ExecutionOrderSort (0ms)
			DisableScriptedObjects (20ms)
			BackupInstance (0ms)
			ReleaseScriptingObjects (0ms)
			CreateAndSetChildDomain (72ms)
		EndReloadAssembly (2637ms)
			LoadAssemblies (260ms)
			RebuildTransferFunctionScriptingTraits (0ms)
			SetupTypeCache (810ms)
			ReleaseScriptCaches (3ms)
			RebuildScriptCaches (126ms)
			SetupLoadedEditorAssemblies (1148ms)
				LogAssemblyErrors (0ms)
				InitializePlatformSupportModulesInManaged (14ms)
				SetLoadedEditorAssemblies (1ms)
				RefreshPlugins (1ms)
				BeforeProcessingInitializeOnLoad (178ms)
				ProcessInitializeOnLoadAttributes (872ms)
				ProcessInitializeOnLoadMethodAttributes (52ms)
				AfterProcessingInitializeOnLoad (28ms)
				EditorAssembliesLoaded (1ms)
			ExecutionOrderSort2 (0ms)
			AwakeInstancesAfterBackupRestoration (40ms)
Platform modules already initialized, skipping
Refreshing native plugins compatible for Editor in 2.33 ms, found 3 plugins.
Preloading 0 native plugins for Editor in 0.00 ms.
Unloading 2191 Unused Serialized files (Serialized files now loaded: 0)
System memory in use before: 98.6 MB.
System memory in use after: 98.7 MB.

Unloading 17 unused Assets to reduce memory usage. Loaded Objects now: 2695.
Total: 8.294300 ms (FindLiveObjects: 0.448700 ms CreateObjectMapping: 0.175900 ms MarkObjects: 7.622400 ms  DeleteObjects: 0.043600 ms)

AssetImportParameters requested are different than current active one (requested -> active):
  custom:framework-win-MediaFoundation: 216162199b28c13a410421893ffa2e32 -> 
  custom:video-decoder-ogg-theora: a1e56fd34408186e4bbccfd4996cb3dc -> 
  custom:container-muxer-webm: aa71ff27fc2769a1b78a27578f13a17b -> 
  custom:container-demuxer-webm: 4f35f7cbe854078d1ac9338744f61a02 -> 
  custom:container-demuxer-ogg: 62fdf1f143b41e24485cea50d1cbac27 -> 
  custom:video-encoder-webm-vp8: eb34c28f22e8b96e1ab97ce403110664 -> 
  custom:video-decoder-webm-vp8: 9c59270c3fd7afecdb556c50c9e8de78 -> 
  custom:audio-decoder-ogg-vorbis: bf7c407c2cedff20999df2af8eb42d56 -> 
  custom:audio-encoder-webm-vorbis: bf7c407c2cedff20999df2af8eb42d56 -> 
========================================================================
Received Import Request.
  Time since last request: 32.735800 seconds.
  path: Assets/Script/Turret.cs
  artifactKey: Guid(620c4100f54ceec4991150fecb8ea928) Importer(815301076,1909f56bfc062723c751e8b465ee728b)
Start importing Assets/Script/Turret.cs using Guid(620c4100f54ceec4991150fecb8ea928) Importer(815301076,1909f56bfc062723c751e8b465ee728b)  -> (artifact id: 'acd8fc46469f2f5ed84421db93b5da1f') in 0.097007 seconds 
  Import took 0.130171 seconds .

========================================================================
Received Prepare
Registering precompiled user dll's ...
Registered in 0.035913 seconds.
Begin MonoManager ReloadAssembly
Native extension for WindowsStandalone target not found
Native extension for WebGL target not found
Refreshing native plugins compatible for Editor in 1.05 ms, found 3 plugins.
Preloading 0 native plugins for Editor in 0.00 ms.
Mono: successfully reloaded assembly
- Completed reload, in  2.715 seconds
Domain Reload Profiling:
	ReloadAssembly (2716ms)
		BeginReloadAssembly (413ms)
			ExecutionOrderSort (0ms)
			DisableScriptedObjects (18ms)
			BackupInstance (0ms)
			ReleaseScriptingObjects (0ms)
			CreateAndSetChildDomain (87ms)
		EndReloadAssembly (2155ms)
			LoadAssemblies (381ms)
			RebuildTransferFunctionScriptingTraits (0ms)
			SetupTypeCache (852ms)
			ReleaseScriptCaches (4ms)
			RebuildScriptCaches (98ms)
			SetupLoadedEditorAssemblies (742ms)
				LogAssemblyErrors (0ms)
				InitializePlatformSupportModulesInManaged (14ms)
				SetLoadedEditorAssemblies (1ms)
				RefreshPlugins (1ms)
				BeforeProcessingInitializeOnLoad (134ms)
				ProcessInitializeOnLoadAttributes (535ms)
				ProcessInitializeOnLoadMethodAttributes (33ms)
				AfterProcessingInitializeOnLoad (23ms)
				EditorAssembliesLoaded (0ms)
			ExecutionOrderSort2 (0ms)
			AwakeInstancesAfterBackupRestoration (44ms)
Platform modules already initialized, skipping
Refreshing native plugins compatible for Editor in 1.23 ms, found 3 plugins.
Preloading 0 native plugins for Editor in 0.00 ms.
Unloading 2192 Unused Serialized files (Serialized files now loaded: 0)
System memory in use before: 98.6 MB.
System memory in use after: 98.8 MB.

Unloading 17 unused Assets to reduce memory usage. Loaded Objects now: 2698.
Total: 9.847000 ms (FindLiveObjects: 1.958700 ms CreateObjectMapping: 0.512000 ms MarkObjects: 7.323400 ms  DeleteObjects: 0.049500 ms)

AssetImportParameters requested are different than current active one (requested -> active):
  custom:framework-win-MediaFoundation: 216162199b28c13a410421893ffa2e32 -> 
  custom:video-decoder-ogg-theora: a1e56fd34408186e4bbccfd4996cb3dc -> 
  custom:container-muxer-webm: aa71ff27fc2769a1b78a27578f13a17b -> 
  custom:container-demuxer-webm: 4f35f7cbe854078d1ac9338744f61a02 -> 
  custom:container-demuxer-ogg: 62fdf1f143b41e24485cea50d1cbac27 -> 
  custom:video-encoder-webm-vp8: eb34c28f22e8b96e1ab97ce403110664 -> 
  custom:video-decoder-webm-vp8: 9c59270c3fd7afecdb556c50c9e8de78 -> 
  custom:audio-decoder-ogg-vorbis: bf7c407c2cedff20999df2af8eb42d56 -> 
  custom:audio-encoder-webm-vorbis: bf7c407c2cedff20999df2af8eb42d56 -> 
========================================================================
Received Import Request.
  Time since last request: 15.234410 seconds.
  path: Assets/Script/AimTurret.cs
  artifactKey: Guid(a8e479a55a2c64e43b116b02f7235c0e) Importer(815301076,1909f56bfc062723c751e8b465ee728b)
Start importing Assets/Script/AimTurret.cs using Guid(a8e479a55a2c64e43b116b02f7235c0e) Importer(815301076,1909f56bfc062723c751e8b465ee728b)  -> (artifact id: '6794ec5ae54d8e7560bc39e725bec1f6') in 0.043709 seconds 
  Import took 0.060576 seconds .

========================================================================
Received Prepare
Registering precompiled user dll's ...
Registered in 0.039758 seconds.
Begin MonoManager ReloadAssembly
Native extension for WindowsStandalone target not found
Native extension for WebGL target not found
Refreshing native plugins compatible for Editor in 1.32 ms, found 3 plugins.
Preloading 0 native plugins for Editor in 0.00 ms.
Mono: successfully reloaded assembly
- Completed reload, in  2.411 seconds
Domain Reload Profiling:
	ReloadAssembly (2411ms)
		BeginReloadAssembly (254ms)
			ExecutionOrderSort (0ms)
			DisableScriptedObjects (14ms)
			BackupInstance (0ms)
			ReleaseScriptingObjects (0ms)
			CreateAndSetChildDomain (71ms)
		EndReloadAssembly (2015ms)
			LoadAssemblies (243ms)
			RebuildTransferFunctionScriptingTraits (0ms)
			SetupTypeCache (690ms)
			ReleaseScriptCaches (3ms)
			RebuildScriptCaches (97ms)
			SetupLoadedEditorAssemblies (771ms)
				LogAssemblyErrors (0ms)
				InitializePlatformSupportModulesInManaged (13ms)
				SetLoadedEditorAssemblies (1ms)
				RefreshPlugins (1ms)
				BeforeProcessingInitializeOnLoad (135ms)
				ProcessInitializeOnLoadAttributes (564ms)
				ProcessInitializeOnLoadMethodAttributes (36ms)
				AfterProcessingInitializeOnLoad (21ms)
				EditorAssembliesLoaded (0ms)
			ExecutionOrderSort2 (0ms)
			AwakeInstancesAfterBackupRestoration (27ms)
Platform modules already initialized, skipping
Refreshing native plugins compatible for Editor in 1.63 ms, found 3 plugins.
Preloading 0 native plugins for Editor in 0.00 ms.
Unloading 2193 Unused Serialized files (Serialized files now loaded: 0)
System memory in use before: 98.7 MB.
System memory in use after: 98.8 MB.

Unloading 17 unused Assets to reduce memory usage. Loaded Objects now: 2701.
Total: 7.468200 ms (FindLiveObjects: 0.408700 ms CreateObjectMapping: 0.211400 ms MarkObjects: 6.806400 ms  DeleteObjects: 0.038400 ms)

AssetImportParameters requested are different than current active one (requested -> active):
  custom:framework-win-MediaFoundation: 216162199b28c13a410421893ffa2e32 -> 
  custom:video-decoder-ogg-theora: a1e56fd34408186e4bbccfd4996cb3dc -> 
  custom:container-muxer-webm: aa71ff27fc2769a1b78a27578f13a17b -> 
  custom:container-demuxer-webm: 4f35f7cbe854078d1ac9338744f61a02 -> 
  custom:container-demuxer-ogg: 62fdf1f143b41e24485cea50d1cbac27 -> 
  custom:video-encoder-webm-vp8: eb34c28f22e8b96e1ab97ce403110664 -> 
  custom:video-decoder-webm-vp8: 9c59270c3fd7afecdb556c50c9e8de78 -> 
  custom:audio-decoder-ogg-vorbis: bf7c407c2cedff20999df2af8eb42d56 -> 
  custom:audio-encoder-webm-vorbis: bf7c407c2cedff20999df2af8eb42d56 -> 
========================================================================
Received Import Request.
  Time since last request: 309.545231 seconds.
  path: Assets/Script/TankController.cs
  artifactKey: Guid(86d8305ca377247418535c4372362903) Importer(815301076,1909f56bfc062723c751e8b465ee728b)
Start importing Assets/Script/TankController.cs using Guid(86d8305ca377247418535c4372362903) Importer(815301076,1909f56bfc062723c751e8b465ee728b)  -> (artifact id: '0fb1168db1fe12e076f9c720f02b6759') in 0.049486 seconds 
  Import took 0.061295 seconds .

========================================================================
Received Prepare
Registering precompiled user dll's ...
Registered in 0.015118 seconds.
Begin MonoManager ReloadAssembly
Native extension for WindowsStandalone target not found
Native extension for WebGL target not found
Refreshing native plugins compatible for Editor in 1.13 ms, found 3 plugins.
Preloading 0 native plugins for Editor in 0.00 ms.
Mono: successfully reloaded assembly
- Completed reload, in  2.762 seconds
Domain Reload Profiling:
	ReloadAssembly (2763ms)
		BeginReloadAssembly (301ms)
			ExecutionOrderSort (0ms)
			DisableScriptedObjects (17ms)
			BackupInstance (0ms)
			ReleaseScriptingObjects (0ms)
			CreateAndSetChildDomain (94ms)
		EndReloadAssembly (2292ms)
			LoadAssemblies (279ms)
			RebuildTransferFunctionScriptingTraits (0ms)
			SetupTypeCache (794ms)
			ReleaseScriptCaches (2ms)
			RebuildScriptCaches (113ms)
			SetupLoadedEditorAssemblies (829ms)
				LogAssemblyErrors (0ms)
				InitializePlatformSupportModulesInManaged (15ms)
				SetLoadedEditorAssemblies (1ms)
				RefreshPlugins (1ms)
				BeforeProcessingInitializeOnLoad (164ms)
				ProcessInitializeOnLoadAttributes (592ms)
				ProcessInitializeOnLoadMethodAttributes (33ms)
				AfterProcessingInitializeOnLoad (21ms)
				EditorAssembliesLoaded (1ms)
			ExecutionOrderSort2 (0ms)
			AwakeInstancesAfterBackupRestoration (27ms)
Platform modules already initialized, skipping
Refreshing native plugins compatible for Editor in 1.50 ms, found 3 plugins.
Preloading 0 native plugins for Editor in 0.00 ms.
Unloading 2193 Unused Serialized files (Serialized files now loaded: 0)
System memory in use before: 98.7 MB.
System memory in use after: 98.8 MB.

Unloading 17 unused Assets to reduce memory usage. Loaded Objects now: 2703.
Total: 6.975100 ms (FindLiveObjects: 0.729600 ms CreateObjectMapping: 0.230400 ms MarkObjects: 5.972900 ms  DeleteObjects: 0.039600 ms)

AssetImportParameters requested are different than current active one (requested -> active):
  custom:framework-win-MediaFoundation: 216162199b28c13a410421893ffa2e32 -> 
  custom:video-decoder-ogg-theora: a1e56fd34408186e4bbccfd4996cb3dc -> 
  custom:container-muxer-webm: aa71ff27fc2769a1b78a27578f13a17b -> 
  custom:container-demuxer-webm: 4f35f7cbe854078d1ac9338744f61a02 -> 
  custom:container-demuxer-ogg: 62fdf1f143b41e24485cea50d1cbac27 -> 
  custom:video-encoder-webm-vp8: eb34c28f22e8b96e1ab97ce403110664 -> 
  custom:video-decoder-webm-vp8: 9c59270c3fd7afecdb556c50c9e8de78 -> 
  custom:audio-decoder-ogg-vorbis: bf7c407c2cedff20999df2af8eb42d56 -> 
  custom:audio-encoder-webm-vorbis: bf7c407c2cedff20999df2af8eb42d56 -> 
========================================================================
Received Import Request.
  Time since last request: 234.091608 seconds.
  path: Assets/Script/Bullet.cs
  artifactKey: Guid(a6826d8966d06f64192850afd57cdcc9) Importer(815301076,1909f56bfc062723c751e8b465ee728b)
Start importing Assets/Script/Bullet.cs using Guid(a6826d8966d06f64192850afd57cdcc9) Importer(815301076,1909f56bfc062723c751e8b465ee728b)  -> (artifact id: '4b500c58d6b0e3bed0a2570d2a1ce00f') in 0.022907 seconds 
  Import took 0.032513 seconds .

========================================================================
Received Import Request.
  Time since last request: 14.154463 seconds.
  path: Assets/Script/TankMover.cs
  artifactKey: Guid(d9a9b1a5bfb601443856e94d6752e556) Importer(815301076,1909f56bfc062723c751e8b465ee728b)
Start importing Assets/Script/TankMover.cs using Guid(d9a9b1a5bfb601443856e94d6752e556) Importer(815301076,1909f56bfc062723c751e8b465ee728b)  -> (artifact id: '60ef0fc5ee47b0e6850d4b9ddfae61d5') in 0.019291 seconds 
  Import took 0.044571 seconds .

========================================================================
Received Import Request.
  Time since last request: 4.582698 seconds.
  path: Assets/Script/AimTurret.cs
  artifactKey: Guid(a8e479a55a2c64e43b116b02f7235c0e) Importer(815301076,1909f56bfc062723c751e8b465ee728b)
Start importing Assets/Script/AimTurret.cs using Guid(a8e479a55a2c64e43b116b02f7235c0e) Importer(815301076,1909f56bfc062723c751e8b465ee728b)  -> (artifact id: '78fa6c6c95408ab1ef9158918666621a') in 0.039120 seconds 
  Import took 0.050702 seconds .

========================================================================
Received Import Request.
  Time since last request: 3.761335 seconds.
  path: Assets/Script/Turret.cs
  artifactKey: Guid(620c4100f54ceec4991150fecb8ea928) Importer(815301076,1909f56bfc062723c751e8b465ee728b)
Start importing Assets/Script/Turret.cs using Guid(620c4100f54ceec4991150fecb8ea928) Importer(815301076,1909f56bfc062723c751e8b465ee728b)  -> (artifact id: 'e8350108b0d3b64d1567c7a3559c02ed') in 0.055861 seconds 
  Import took 0.066505 seconds .

========================================================================
Received Prepare
Registering precompiled user dll's ...
Registered in 0.012221 seconds.
Begin MonoManager ReloadAssembly
Native extension for WindowsStandalone target not found
Native extension for WebGL target not found
Refreshing native plugins compatible for Editor in 1.70 ms, found 3 plugins.
Preloading 0 native plugins for Editor in 0.00 ms.
Mono: successfully reloaded assembly
- Completed reload, in 15.540 seconds
Domain Reload Profiling:
	ReloadAssembly (15546ms)
		BeginReloadAssembly (339ms)
			ExecutionOrderSort (0ms)
			DisableScriptedObjects (23ms)
			BackupInstance (0ms)
			ReleaseScriptingObjects (0ms)
			CreateAndSetChildDomain (102ms)
		EndReloadAssembly (14949ms)
			LoadAssemblies (413ms)
			RebuildTransferFunctionScriptingTraits (0ms)
			SetupTypeCache (1719ms)
			ReleaseScriptCaches (6ms)
			RebuildScriptCaches (268ms)
			SetupLoadedEditorAssemblies (10265ms)
				LogAssemblyErrors (0ms)
				InitializePlatformSupportModulesInManaged (46ms)
				SetLoadedEditorAssemblies (2ms)
				RefreshPlugins (2ms)
				BeforeProcessingInitializeOnLoad (257ms)
				ProcessInitializeOnLoadAttributes (8875ms)
				ProcessInitializeOnLoadMethodAttributes (576ms)
				AfterProcessingInitializeOnLoad (491ms)
				EditorAssembliesLoaded (15ms)
			ExecutionOrderSort2 (0ms)
			AwakeInstancesAfterBackupRestoration (503ms)
Platform modules already initialized, skipping
Refreshing native plugins compatible for Editor in 1.53 ms, found 3 plugins.
Preloading 0 native plugins for Editor in 0.00 ms.
Unloading 2193 Unused Serialized files (Serialized files now loaded: 0)
System memory in use before: 98.7 MB.
System memory in use after: 98.8 MB.

Unloading 17 unused Assets to reduce memory usage. Loaded Objects now: 2705.
Total: 8.785000 ms (FindLiveObjects: 0.455100 ms CreateObjectMapping: 0.181800 ms MarkObjects: 8.102600 ms  DeleteObjects: 0.042900 ms)

AssetImportParameters requested are different than current active one (requested -> active):
  custom:framework-win-MediaFoundation: 216162199b28c13a410421893ffa2e32 -> 
  custom:video-decoder-ogg-theora: a1e56fd34408186e4bbccfd4996cb3dc -> 
  custom:container-muxer-webm: aa71ff27fc2769a1b78a27578f13a17b -> 
  custom:container-demuxer-webm: 4f35f7cbe854078d1ac9338744f61a02 -> 
  custom:container-demuxer-ogg: 62fdf1f143b41e24485cea50d1cbac27 -> 
  custom:video-encoder-webm-vp8: eb34c28f22e8b96e1ab97ce403110664 -> 
  custom:video-decoder-webm-vp8: 9c59270c3fd7afecdb556c50c9e8de78 -> 
  custom:audio-decoder-ogg-vorbis: bf7c407c2cedff20999df2af8eb42d56 -> 
  custom:audio-encoder-webm-vorbis: bf7c407c2cedff20999df2af8eb42d56 -> 
========================================================================
Received Prepare
Registering precompiled user dll's ...
Registered in 0.010535 seconds.
Begin MonoManager ReloadAssembly
Native extension for WindowsStandalone target not found
Native extension for WebGL target not found
Refreshing native plugins compatible for Editor in 1.61 ms, found 3 plugins.
Preloading 0 native plugins for Editor in 0.00 ms.
Mono: successfully reloaded assembly
- Completed reload, in 11.189 seconds
Domain Reload Profiling:
	ReloadAssembly (11190ms)
		BeginReloadAssembly (352ms)
			ExecutionOrderSort (0ms)
			DisableScriptedObjects (27ms)
			BackupInstance (0ms)
			ReleaseScriptingObjects (0ms)
			CreateAndSetChildDomain (105ms)
		EndReloadAssembly (10622ms)
			LoadAssemblies (570ms)
			RebuildTransferFunctionScriptingTraits (0ms)
			SetupTypeCache (3405ms)
			ReleaseScriptCaches (47ms)
			RebuildScriptCaches (164ms)
			SetupLoadedEditorAssemblies (5432ms)
				LogAssemblyErrors (0ms)
				InitializePlatformSupportModulesInManaged (20ms)
				SetLoadedEditorAssemblies (1ms)
				RefreshPlugins (2ms)
				BeforeProcessingInitializeOnLoad (257ms)
				ProcessInitializeOnLoadAttributes (5108ms)
				ProcessInitializeOnLoadMethodAttributes (28ms)
				AfterProcessingInitializeOnLoad (15ms)
				EditorAssembliesLoaded (0ms)
			ExecutionOrderSort2 (0ms)
			AwakeInstancesAfterBackupRestoration (18ms)
Platform modules already initialized, skipping
Refreshing native plugins compatible for Editor in 1.42 ms, found 3 plugins.
Preloading 0 native plugins for Editor in 0.00 ms.
Unloading 2193 Unused Serialized files (Serialized files now loaded: 0)
System memory in use before: 98.7 MB.
System memory in use after: 98.8 MB.

Unloading 17 unused Assets to reduce memory usage. Loaded Objects now: 2707.
Total: 11.502700 ms (FindLiveObjects: 0.533500 ms CreateObjectMapping: 0.206500 ms MarkObjects: 10.689500 ms  DeleteObjects: 0.069400 ms)

AssetImportParameters requested are different than current active one (requested -> active):
  custom:framework-win-MediaFoundation: 216162199b28c13a410421893ffa2e32 -> 
  custom:video-decoder-ogg-theora: a1e56fd34408186e4bbccfd4996cb3dc -> 
  custom:container-muxer-webm: aa71ff27fc2769a1b78a27578f13a17b -> 
  custom:container-demuxer-webm: 4f35f7cbe854078d1ac9338744f61a02 -> 
  custom:container-demuxer-ogg: 62fdf1f143b41e24485cea50d1cbac27 -> 
  custom:video-encoder-webm-vp8: eb34c28f22e8b96e1ab97ce403110664 -> 
  custom:video-decoder-webm-vp8: 9c59270c3fd7afecdb556c50c9e8de78 -> 
  custom:audio-decoder-ogg-vorbis: bf7c407c2cedff20999df2af8eb42d56 -> 
  custom:audio-encoder-webm-vorbis: bf7c407c2cedff20999df2af8eb42d56 -> 
========================================================================
Received Prepare
Registering precompiled user dll's ...
Registered in 0.012819 seconds.
Begin MonoManager ReloadAssembly
Native extension for WindowsStandalone target not found
Native extension for WebGL target not found
Refreshing native plugins compatible for Editor in 1.11 ms, found 3 plugins.
Preloading 0 native plugins for Editor in 0.00 ms.
Mono: successfully reloaded assembly
- Completed reload, in  2.726 seconds
Domain Reload Profiling:
	ReloadAssembly (2727ms)
		BeginReloadAssembly (261ms)
			ExecutionOrderSort (0ms)
			DisableScriptedObjects (24ms)
			BackupInstance (0ms)
			ReleaseScriptingObjects (0ms)
			CreateAndSetChildDomain (72ms)
		EndReloadAssembly (2291ms)
			LoadAssemblies (229ms)
			RebuildTransferFunctionScriptingTraits (0ms)
			SetupTypeCache (690ms)
			ReleaseScriptCaches (4ms)
			RebuildScriptCaches (95ms)
			SetupLoadedEditorAssemblies (1050ms)
				LogAssemblyErrors (0ms)
				InitializePlatformSupportModulesInManaged (14ms)
				SetLoadedEditorAssemblies (1ms)
				RefreshPlugins (1ms)
				BeforeProcessingInitializeOnLoad (190ms)
				ProcessInitializeOnLoadAttributes (787ms)
				ProcessInitializeOnLoadMethodAttributes (32ms)
				AfterProcessingInitializeOnLoad (23ms)
				EditorAssembliesLoaded (0ms)
			ExecutionOrderSort2 (0ms)
			AwakeInstancesAfterBackupRestoration (27ms)
Platform modules already initialized, skipping
Refreshing native plugins compatible for Editor in 1.43 ms, found 3 plugins.
Preloading 0 native plugins for Editor in 0.00 ms.
Unloading 2193 Unused Serialized files (Serialized files now loaded: 0)
System memory in use before: 98.7 MB.
System memory in use after: 98.8 MB.

Unloading 17 unused Assets to reduce memory usage. Loaded Objects now: 2709.
Total: 7.959000 ms (FindLiveObjects: 0.733200 ms CreateObjectMapping: 0.370700 ms MarkObjects: 6.813300 ms  DeleteObjects: 0.038800 ms)

AssetImportParameters requested are different than current active one (requested -> active):
  custom:framework-win-MediaFoundation: 216162199b28c13a410421893ffa2e32 -> 
  custom:video-decoder-ogg-theora: a1e56fd34408186e4bbccfd4996cb3dc -> 
  custom:container-muxer-webm: aa71ff27fc2769a1b78a27578f13a17b -> 
  custom:container-demuxer-webm: 4f35f7cbe854078d1ac9338744f61a02 -> 
  custom:container-demuxer-ogg: 62fdf1f143b41e24485cea50d1cbac27 -> 
  custom:video-encoder-webm-vp8: eb34c28f22e8b96e1ab97ce403110664 -> 
  custom:video-decoder-webm-vp8: 9c59270c3fd7afecdb556c50c9e8de78 -> 
  custom:audio-decoder-ogg-vorbis: bf7c407c2cedff20999df2af8eb42d56 -> 
  custom:audio-encoder-webm-vorbis: bf7c407c2cedff20999df2af8eb42d56 -> 
========================================================================
Received Prepare
Registering precompiled user dll's ...
Registered in 0.013128 seconds.
Begin MonoManager ReloadAssembly
Native extension for WindowsStandalone target not found
Native extension for WebGL target not found
Refreshing native plugins compatible for Editor in 1.42 ms, found 3 plugins.
Preloading 0 native plugins for Editor in 0.00 ms.
Mono: successfully reloaded assembly
- Completed reload, in  3.072 seconds
Domain Reload Profiling:
	ReloadAssembly (3074ms)
		BeginReloadAssembly (902ms)
			ExecutionOrderSort (0ms)
			DisableScriptedObjects (385ms)
			BackupInstance (0ms)
			ReleaseScriptingObjects (0ms)
			CreateAndSetChildDomain (100ms)
		EndReloadAssembly (1996ms)
			LoadAssemblies (388ms)
			RebuildTransferFunctionScriptingTraits (0ms)
			SetupTypeCache (686ms)
			ReleaseScriptCaches (2ms)
			RebuildScriptCaches (91ms)
			SetupLoadedEditorAssemblies (728ms)
				LogAssemblyErrors (0ms)
				InitializePlatformSupportModulesInManaged (12ms)
				SetLoadedEditorAssemblies (1ms)
				RefreshPlugins (2ms)
				BeforeProcessingInitializeOnLoad (131ms)
				ProcessInitializeOnLoadAttributes (529ms)
				ProcessInitializeOnLoadMethodAttributes (30ms)
				AfterProcessingInitializeOnLoad (22ms)
				EditorAssembliesLoaded (0ms)
			ExecutionOrderSort2 (0ms)
			AwakeInstancesAfterBackupRestoration (25ms)
Platform modules already initialized, skipping
Refreshing native plugins compatible for Editor in 1.18 ms, found 3 plugins.
Preloading 0 native plugins for Editor in 0.00 ms.
Unloading 2193 Unused Serialized files (Serialized files now loaded: 0)
System memory in use before: 98.7 MB.
System memory in use after: 98.8 MB.

Unloading 17 unused Assets to reduce memory usage. Loaded Objects now: 2711.
Total: 7.180500 ms (FindLiveObjects: 0.411700 ms CreateObjectMapping: 0.132900 ms MarkObjects: 6.590200 ms  DeleteObjects: 0.042900 ms)

AssetImportParameters requested are different than current active one (requested -> active):
  custom:framework-win-MediaFoundation: 216162199b28c13a410421893ffa2e32 -> 
  custom:video-decoder-ogg-theora: a1e56fd34408186e4bbccfd4996cb3dc -> 
  custom:container-muxer-webm: aa71ff27fc2769a1b78a27578f13a17b -> 
  custom:container-demuxer-webm: 4f35f7cbe854078d1ac9338744f61a02 -> 
  custom:container-demuxer-ogg: 62fdf1f143b41e24485cea50d1cbac27 -> 
  custom:video-encoder-webm-vp8: eb34c28f22e8b96e1ab97ce403110664 -> 
  custom:video-decoder-webm-vp8: 9c59270c3fd7afecdb556c50c9e8de78 -> 
  custom:audio-decoder-ogg-vorbis: bf7c407c2cedff20999df2af8eb42d56 -> 
  custom:audio-encoder-webm-vorbis: bf7c407c2cedff20999df2af8eb42d56 -> 
========================================================================
Received Prepare
Registering precompiled user dll's ...
Registered in 0.019547 seconds.
Begin MonoManager ReloadAssembly
Native extension for WindowsStandalone target not found
Native extension for WebGL target not found
Refreshing native plugins compatible for Editor in 1.07 ms, found 3 plugins.
Preloading 0 native plugins for Editor in 0.00 ms.
Mono: successfully reloaded assembly
- Completed reload, in  3.642 seconds
Domain Reload Profiling:
	ReloadAssembly (3644ms)
		BeginReloadAssembly (342ms)
			ExecutionOrderSort (0ms)
			DisableScriptedObjects (19ms)
			BackupInstance (0ms)
			ReleaseScriptingObjects (0ms)
			CreateAndSetChildDomain (98ms)
		EndReloadAssembly (2974ms)
			LoadAssemblies (455ms)
			RebuildTransferFunctionScriptingTraits (0ms)
			SetupTypeCache (1209ms)
			ReleaseScriptCaches (3ms)
			RebuildScriptCaches (138ms)
			SetupLoadedEditorAssemblies (925ms)
				LogAssemblyErrors (0ms)
				InitializePlatformSupportModulesInManaged (19ms)
				SetLoadedEditorAssemblies (1ms)
				RefreshPlugins (1ms)
				BeforeProcessingInitializeOnLoad (156ms)
				ProcessInitializeOnLoadAttributes (693ms)
				ProcessInitializeOnLoadMethodAttributes (34ms)
				AfterProcessingInitializeOnLoad (21ms)
				EditorAssembliesLoaded (0ms)
			ExecutionOrderSort2 (0ms)
			AwakeInstancesAfterBackupRestoration (28ms)
Platform modules already initialized, skipping
Refreshing native plugins compatible for Editor in 3.41 ms, found 3 plugins.
Preloading 0 native plugins for Editor in 0.00 ms.
Unloading 2193 Unused Serialized files (Serialized files now loaded: 0)
System memory in use before: 98.8 MB.
System memory in use after: 98.9 MB.

Unloading 17 unused Assets to reduce memory usage. Loaded Objects now: 2713.
Total: 54.468000 ms (FindLiveObjects: 0.478700 ms CreateObjectMapping: 0.484700 ms MarkObjects: 53.413800 ms  DeleteObjects: 0.086400 ms)

AssetImportParameters requested are different than current active one (requested -> active):
  custom:framework-win-MediaFoundation: 216162199b28c13a410421893ffa2e32 -> 
  custom:video-decoder-ogg-theora: a1e56fd34408186e4bbccfd4996cb3dc -> 
  custom:container-muxer-webm: aa71ff27fc2769a1b78a27578f13a17b -> 
  custom:container-demuxer-webm: 4f35f7cbe854078d1ac9338744f61a02 -> 
  custom:container-demuxer-ogg: 62fdf1f143b41e24485cea50d1cbac27 -> 
  custom:video-encoder-webm-vp8: eb34c28f22e8b96e1ab97ce403110664 -> 
  custom:video-decoder-webm-vp8: 9c59270c3fd7afecdb556c50c9e8de78 -> 
  custom:audio-decoder-ogg-vorbis: bf7c407c2cedff20999df2af8eb42d56 -> 
  custom:audio-encoder-webm-vorbis: bf7c407c2cedff20999df2af8eb42d56 -> 
========================================================================
Received Prepare
Registering precompiled user dll's ...
Registered in 0.017571 seconds.
Begin MonoManager ReloadAssembly
Native extension for WindowsStandalone target not found
Native extension for WebGL target not found
Refreshing native plugins compatible for Editor in 1.07 ms, found 3 plugins.
Preloading 0 native plugins for Editor in 0.00 ms.
Mono: successfully reloaded assembly
- Completed reload, in  2.514 seconds
Domain Reload Profiling:
	ReloadAssembly (2515ms)
		BeginReloadAssembly (244ms)
			ExecutionOrderSort (0ms)
			DisableScriptedObjects (13ms)
			BackupInstance (0ms)
			ReleaseScriptingObjects (0ms)
			CreateAndSetChildDomain (71ms)
		EndReloadAssembly (2128ms)
			LoadAssemblies (220ms)
			RebuildTransferFunctionScriptingTraits (0ms)
			SetupTypeCache (718ms)
			ReleaseScriptCaches (2ms)
			RebuildScriptCaches (91ms)
			SetupLoadedEditorAssemblies (892ms)
				LogAssemblyErrors (0ms)
				InitializePlatformSupportModulesInManaged (12ms)
				SetLoadedEditorAssemblies (1ms)
				RefreshPlugins (1ms)
				BeforeProcessingInitializeOnLoad (236ms)
				ProcessInitializeOnLoadAttributes (590ms)
				ProcessInitializeOnLoadMethodAttributes (30ms)
				AfterProcessingInitializeOnLoad (20ms)
				EditorAssembliesLoaded (1ms)
			ExecutionOrderSort2 (0ms)
			AwakeInstancesAfterBackupRestoration (25ms)
Platform modules already initialized, skipping
Refreshing native plugins compatible for Editor in 7.03 ms, found 3 plugins.
Preloading 0 native plugins for Editor in 0.00 ms.
Unloading 2193 Unused Serialized files (Serialized files now loaded: 0)
System memory in use before: 98.8 MB.
System memory in use after: 98.9 MB.

Unloading 17 unused Assets to reduce memory usage. Loaded Objects now: 2715.
Total: 7.002400 ms (FindLiveObjects: 0.439600 ms CreateObjectMapping: 0.259400 ms MarkObjects: 6.260800 ms  DeleteObjects: 0.040200 ms)

AssetImportParameters requested are different than current active one (requested -> active):
  custom:framework-win-MediaFoundation: 216162199b28c13a410421893ffa2e32 -> 
  custom:video-decoder-ogg-theora: a1e56fd34408186e4bbccfd4996cb3dc -> 
  custom:container-muxer-webm: aa71ff27fc2769a1b78a27578f13a17b -> 
  custom:container-demuxer-webm: 4f35f7cbe854078d1ac9338744f61a02 -> 
  custom:container-demuxer-ogg: 62fdf1f143b41e24485cea50d1cbac27 -> 
  custom:video-encoder-webm-vp8: eb34c28f22e8b96e1ab97ce403110664 -> 
  custom:video-decoder-webm-vp8: 9c59270c3fd7afecdb556c50c9e8de78 -> 
  custom:audio-decoder-ogg-vorbis: bf7c407c2cedff20999df2af8eb42d56 -> 
  custom:audio-encoder-webm-vorbis: bf7c407c2cedff20999df2af8eb42d56 -> 
AssetImportWorkerClient::OnTransportError - code=2 error=End of file
